
> nextjs@0.1.0 lint
> eslint


E:\asicrepair1admin\app\api\prompt\generate\route.ts
  28:35  error  Unexpected any. Specify a different type  @typescript-eslint/no-explicit-any
  53:21  error  Unexpected any. Specify a different type  @typescript-eslint/no-explicit-any

E:\asicrepair1admin\app\api\scraper\search\route.ts
  29:21  error  Unexpected any. Specify a different type  @typescript-eslint/no-explicit-any

E:\asicrepair1admin\app\api\seo\analyze\route.ts
  24:14  warning  'error' is defined but never used  @typescript-eslint/no-unused-vars

E:\asicrepair1admin\app\components\PromptStudio.tsx
  6:71  error  Unexpected any. Specify a different type  @typescript-eslint/no-explicit-any

E:\asicrepair1admin\app\components\ResearchViewer.tsx
  4:64  error  Unexpected any. Specify a different type  @typescript-eslint/no-explicit-any

E:\asicrepair1admin\app\components\ResearchWorkspace.tsx
   9:33  error  Unexpected any. Specify a different type  @typescript-eslint/no-explicit-any
  15:44  error  Unexpected any. Specify a different type  @typescript-eslint/no-explicit-any

E:\asicrepair1admin\app\page.tsx
   23:50  error  Unexpected any. Specify a different type                         @typescript-eslint/no-explicit-any
   44:39  error  Unexpected any. Specify a different type                         @typescript-eslint/no-explicit-any
  156:67  error  `"` can be escaped with `&quot;`, `&ldquo;`, `&#34;`, `&rdquo;`  react/no-unescaped-entities
  156:75  error  `"` can be escaped with `&quot;`, `&ldquo;`, `&#34;`, `&rdquo;`  react/no-unescaped-entities
  160:59  error  `"` can be escaped with `&quot;`, `&ldquo;`, `&#34;`, `&rdquo;`  react/no-unescaped-entities
  160:70  error  `"` can be escaped with `&quot;`, `&ldquo;`, `&#34;`, `&rdquo;`  react/no-unescaped-entities

E:\asicrepair1admin\generate_embeddings.js
  1:32  error    A `require()` style import is forbidden          @typescript-eslint/no-require-imports
  2:26  error    A `require()` style import is forbidden          @typescript-eslint/no-require-imports
  3:12  error    A `require()` style import is forbidden          @typescript-eslint/no-require-imports
  4:14  error    A `require()` style import is forbidden          @typescript-eslint/no-require-imports
  5:1   error    A `require()` style import is forbidden          @typescript-eslint/no-require-imports
  9:7   warning  'BATCH_SIZE' is assigned a value but never used  @typescript-eslint/no-unused-vars

E:\asicrepair1admin\upload_research.js
  1:26  error  A `require()` style import is forbidden  @typescript-eslint/no-require-imports
  2:12  error  A `require()` style import is forbidden  @typescript-eslint/no-require-imports
  3:14  error  A `require()` style import is forbidden  @typescript-eslint/no-require-imports
  4:1   error  A `require()` style import is forbidden  @typescript-eslint/no-require-imports

✖ 24 problems (22 errors, 2 warnings)

